Analysis & Synthesis report for Pc
Sat May 25 17:58:35 2024
Quartus II Version 8.1 Build 163 10/28/2008 SJ Web Edition


---------------------
; Table of Contents ;
---------------------
  1. Legal Notice
  2. Analysis & Synthesis Summary
  3. Analysis & Synthesis Settings
  4. Analysis & Synthesis Source Files Read
  5. Analysis & Synthesis Resource Usage Summary
  6. Analysis & Synthesis Resource Utilization by Entity
  7. Registers Removed During Synthesis
  8. General Register Statistics
  9. Parameter Settings for User Entity Instance: My_uPC:inst16|74161:inst
 10. Parameter Settings for User Entity Instance: My_uPC:inst16|74161:inst1
 11. Parameter Settings for User Entity Instance: My_uPC:inst2|74161:inst
 12. Parameter Settings for User Entity Instance: My_uPC:inst2|74161:inst1
 13. Analysis & Synthesis Messages



----------------
; Legal Notice ;
----------------
Copyright (C) 1991-2008 Altera Corporation
Your use of Altera Corporation's design tools, logic functions 
and other software and tools, and its AMPP partner logic 
functions, and any output files from any of the foregoing 
(including device programming or simulation files), and any 
associated documentation or information are expressly subject 
to the terms and conditions of the Altera Program License 
Subscription Agreement, Altera MegaCore Function License 
Agreement, or other applicable license agreement, including, 
without limitation, that your use is for the sole purpose of 
programming logic devices manufactured by Altera and sold by 
Altera or its authorized distributors.  Please refer to the 
applicable agreement for further details.



+------------------------------------------------------------------------------+
; Analysis & Synthesis Summary                                                 ;
+------------------------------------+-----------------------------------------+
; Analysis & Synthesis Status        ; Successful - Sat May 25 17:58:35 2024   ;
; Quartus II Version                 ; 8.1 Build 163 10/28/2008 SJ Web Edition ;
; Revision Name                      ; Pc                                      ;
; Top-level Entity Name              ; Pc                                      ;
; Family                             ; Cyclone II                              ;
; Total logic elements               ; 193                                     ;
;     Total combinational functions  ; 193                                     ;
;     Dedicated logic registers      ; 81                                      ;
; Total registers                    ; 81                                      ;
; Total pins                         ; 85                                      ;
; Total virtual pins                 ; 0                                       ;
; Total memory bits                  ; 0                                       ;
; Embedded Multiplier 9-bit elements ; 0                                       ;
; Total PLLs                         ; 0                                       ;
+------------------------------------+-----------------------------------------+


+----------------------------------------------------------------------------------------------------------+
; Analysis & Synthesis Settings                                                                            ;
+----------------------------------------------------------------+--------------------+--------------------+
; Option                                                         ; Setting            ; Default Value      ;
+----------------------------------------------------------------+--------------------+--------------------+
; Device                                                         ; EP2C8Q208C8        ;                    ;
; Top-level entity name                                          ; Pc                 ; Pc                 ;
; Family name                                                    ; Cyclone II         ; Stratix II         ;
; Use Generated Physical Constraints File                        ; Off                ;                    ;
; Use smart compilation                                          ; Off                ; Off                ;
; Restructure Multiplexers                                       ; Auto               ; Auto               ;
; Create Debugging Nodes for IP Cores                            ; Off                ; Off                ;
; Preserve fewer node names                                      ; On                 ; On                 ;
; Disable OpenCore Plus hardware evaluation                      ; Off                ; Off                ;
; Verilog Version                                                ; Verilog_2001       ; Verilog_2001       ;
; VHDL Version                                                   ; VHDL93             ; VHDL93             ;
; State Machine Processing                                       ; Auto               ; Auto               ;
; Safe State Machine                                             ; Off                ; Off                ;
; Extract Verilog State Machines                                 ; On                 ; On                 ;
; Extract VHDL State Machines                                    ; On                 ; On                 ;
; Ignore Verilog initial constructs                              ; Off                ; Off                ;
; Iteration limit for constant Verilog loops                     ; 5000               ; 5000               ;
; Iteration limit for non-constant Verilog loops                 ; 250                ; 250                ;
; Add Pass-Through Logic to Inferred RAMs                        ; On                 ; On                 ;
; Parallel Synthesis                                             ; Off                ; Off                ;
; DSP Block Balancing                                            ; Auto               ; Auto               ;
; NOT Gate Push-Back                                             ; On                 ; On                 ;
; Power-Up Don't Care                                            ; On                 ; On                 ;
; Remove Redundant Logic Cells                                   ; Off                ; Off                ;
; Remove Duplicate Registers                                     ; On                 ; On                 ;
; Ignore CARRY Buffers                                           ; Off                ; Off                ;
; Ignore CASCADE Buffers                                         ; Off                ; Off                ;
; Ignore GLOBAL Buffers                                          ; Off                ; Off                ;
; Ignore ROW GLOBAL Buffers                                      ; Off                ; Off                ;
; Ignore LCELL Buffers                                           ; Off                ; Off                ;
; Ignore SOFT Buffers                                            ; On                 ; On                 ;
; Limit AHDL Integers to 32 Bits                                 ; Off                ; Off                ;
; Optimization Technique                                         ; Balanced           ; Balanced           ;
; Carry Chain Length                                             ; 70                 ; 70                 ;
; Auto Carry Chains                                              ; On                 ; On                 ;
; Auto Open-Drain Pins                                           ; On                 ; On                 ;
; Perform WYSIWYG Primitive Resynthesis                          ; Off                ; Off                ;
; Perform gate-level register retiming                           ; Off                ; Off                ;
; Allow register retiming to trade off Tsu/Tco with Fmax         ; On                 ; On                 ;
; Auto ROM Replacement                                           ; On                 ; On                 ;
; Auto RAM Replacement                                           ; On                 ; On                 ;
; Auto Shift Register Replacement                                ; Auto               ; Auto               ;
; Auto Clock Enable Replacement                                  ; On                 ; On                 ;
; Strict RAM Replacement                                         ; Off                ; Off                ;
; Allow Synchronous Control Signals                              ; On                 ; On                 ;
; Force Use of Synchronous Clear Signals                         ; Off                ; Off                ;
; Auto RAM to Logic Cell Conversion                              ; Off                ; Off                ;
; Auto Resource Sharing                                          ; Off                ; Off                ;
; Allow Any RAM Size For Recognition                             ; Off                ; Off                ;
; Allow Any ROM Size For Recognition                             ; Off                ; Off                ;
; Allow Any Shift Register Size For Recognition                  ; Off                ; Off                ;
; Use LogicLock Constraints during Resource Balancing            ; On                 ; On                 ;
; Ignore translate_off and synthesis_off directives              ; Off                ; Off                ;
; Show Parameter Settings Tables in Synthesis Report             ; On                 ; On                 ;
; Ignore Maximum Fan-Out Assignments                             ; Off                ; Off                ;
; Synchronization Register Chain Length                          ; 2                  ; 2                  ;
; PowerPlay Power Optimization                                   ; Normal compilation ; Normal compilation ;
; HDL message level                                              ; Level2             ; Level2             ;
; Suppress Register Optimization Related Messages                ; Off                ; Off                ;
; Number of Removed Registers Reported in Synthesis Report       ; 100                ; 100                ;
; Number of Inverted Registers Reported in Synthesis Report      ; 100                ; 100                ;
; Clock MUX Protection                                           ; On                 ; On                 ;
; Auto Gated Clock Conversion                                    ; Off                ; Off                ;
; Block Design Naming                                            ; Auto               ; Auto               ;
; SDC constraint protection                                      ; Off                ; Off                ;
; Synthesis Effort                                               ; Auto               ; Auto               ;
; Allows Asynchronous Clear Usage For Shift Register Replacement ; On                 ; On                 ;
; Analysis & Synthesis Message Level                             ; Medium             ; Medium             ;
+----------------------------------------------------------------+--------------------+--------------------+


+--------------------------------------------------------------------------------------------------------------------------------------------------------------------------+
; Analysis & Synthesis Source Files Read                                                                                                                                   ;
+----------------------------------+-----------------+------------------------------------------+--------------------------------------------------------------------------+
; File Name with User-Entered Path ; Used in Netlist ; File Type                                ; File Name with Absolute Path                                             ;
+----------------------------------+-----------------+------------------------------------------+--------------------------------------------------------------------------+
; Pc.bdf                           ; yes             ; User Block Diagram/Schematic File        ; D:/File/Project/CSProject/整机实验/Pc/Pc.bdf                             ;
; HALT.bdf                         ; yes             ; Auto-Found Block Diagram/Schematic File  ; D:/File/Project/CSProject/整机实验/Pc/HALT.bdf                           ;
; ALU-8.bdf                        ; yes             ; Auto-Found Block Diagram/Schematic File  ; D:/File/Project/CSProject/整机实验/Pc/ALU-8.bdf                          ;
; 74181.bdf                        ; yes             ; Megafunction                             ; d:/setting/computer/quartus/quartus/libraries/others/maxplus2/74181.bdf  ;
; 74182.bdf                        ; yes             ; Megafunction                             ; d:/setting/computer/quartus/quartus/libraries/others/maxplus2/74182.bdf  ;
; multiplexer8_2.bdf               ; yes             ; Auto-Found Block Diagram/Schematic File  ; D:/File/Project/CSProject/整机实验/Pc/multiplexer8_2.bdf                 ;
; My_uPC.bdf                       ; yes             ; Auto-Found Block Diagram/Schematic File  ; D:/File/Project/CSProject/整机实验/Pc/My_uPC.bdf                         ;
; 74161.tdf                        ; yes             ; Megafunction                             ; d:/setting/computer/quartus/quartus/libraries/others/maxplus2/74161.tdf  ;
; aglobal.inc                      ; yes             ; Megafunction                             ; d:/setting/computer/quartus/quartus/libraries/megafunctions/aglobal.inc  ;
; f74161.bdf                       ; yes             ; Megafunction                             ; d:/setting/computer/quartus/quartus/libraries/others/maxplus2/f74161.bdf ;
; not8.bdf                         ; yes             ; Auto-Found Block Diagram/Schematic File  ; D:/File/Project/CSProject/整机实验/Pc/not8.bdf                           ;
; 74138.bdf                        ; yes             ; Megafunction                             ; d:/setting/computer/quartus/quartus/libraries/others/maxplus2/74138.bdf  ;
; 2-4decoder.bdf                   ; yes             ; Auto-Found Block Diagram/Schematic File  ; D:/File/Project/CSProject/整机实验/Pc/2-4decoder.bdf                     ;
; register-8.bdf                   ; yes             ; Auto-Found Block Diagram/Schematic File  ; D:/File/Project/CSProject/整机实验/Pc/register-8.bdf                     ;
; register-4.bdf                   ; yes             ; Auto-Found Block Diagram/Schematic File  ; D:/File/Project/CSProject/整机实验/Pc/register-4.bdf                     ;
; 8-3.bdf                          ; yes             ; Auto-Found Block Diagram/Schematic File  ; D:/File/Project/CSProject/整机实验/Pc/8-3.bdf                            ;
; multiplexer8_4.bdf               ; yes             ; Auto-Found Block Diagram/Schematic File  ; D:/File/Project/CSProject/整机实验/Pc/multiplexer8_4.bdf                 ;
; register-8-en.bdf                ; yes             ; Auto-Found Block Diagram/Schematic File  ; D:/File/Project/CSProject/整机实验/Pc/register-8-en.bdf                  ;
; 74154.bdf                        ; yes             ; Megafunction                             ; d:/setting/computer/quartus/quartus/libraries/others/maxplus2/74154.bdf  ;
+----------------------------------+-----------------+------------------------------------------+--------------------------------------------------------------------------+


+-----------------------------------------------------+
; Analysis & Synthesis Resource Usage Summary         ;
+---------------------------------------------+-------+
; Resource                                    ; Usage ;
+---------------------------------------------+-------+
; Estimated Total logic elements              ; 193   ;
;                                             ;       ;
; Total combinational functions               ; 193   ;
; Logic element usage by number of LUT inputs ;       ;
;     -- 4 input functions                    ; 112   ;
;     -- 3 input functions                    ; 19    ;
;     -- <=2 input functions                  ; 62    ;
;                                             ;       ;
; Logic elements by mode                      ;       ;
;     -- normal mode                          ; 193   ;
;     -- arithmetic mode                      ; 0     ;
;                                             ;       ;
; Total registers                             ; 81    ;
;     -- Dedicated logic registers            ; 81    ;
;     -- I/O registers                        ; 0     ;
;                                             ;       ;
; I/O pins                                    ; 85    ;
; Maximum fan-out node                        ; CLR   ;
; Maximum fan-out                             ; 19    ;
; Total fan-out                               ; 827   ;
; Average fan-out                             ; 2.30  ;
+---------------------------------------------+-------+


+----------------------------------------------------------------------------------------------------------------------------------------------------------------------------------------------------------+
; Analysis & Synthesis Resource Utilization by Entity                                                                                                                                                      ;
+------------------------------+-------------------+--------------+-------------+--------------+---------+-----------+------+--------------+------------------------------------------------+--------------+
; Compilation Hierarchy Node   ; LC Combinationals ; LC Registers ; Memory Bits ; DSP Elements ; DSP 9x9 ; DSP 18x18 ; Pins ; Virtual Pins ; Full Hierarchy Name                            ; Library Name ;
+------------------------------+-------------------+--------------+-------------+--------------+---------+-----------+------+--------------+------------------------------------------------+--------------+
; |Pc                          ; 193 (20)          ; 81 (0)       ; 0           ; 0            ; 0       ; 0         ; 85   ; 0            ; |Pc                                            ; work         ;
;    |ALU-8:inst|              ; 46 (0)            ; 0 (0)        ; 0           ; 0            ; 0       ; 0         ; 0    ; 0            ; |Pc|ALU-8:inst                                 ; work         ;
;       |74181:inst20|         ; 20 (20)           ; 0 (0)        ; 0           ; 0            ; 0       ; 0         ; 0    ; 0            ; |Pc|ALU-8:inst|74181:inst20                    ; work         ;
;       |74181:inst|           ; 24 (24)           ; 0 (0)        ; 0           ; 0            ; 0       ; 0         ; 0    ; 0            ; |Pc|ALU-8:inst|74181:inst                      ; work         ;
;       |74182:inst2|          ; 2 (2)             ; 0 (0)        ; 0           ; 0            ; 0       ; 0         ; 0    ; 0            ; |Pc|ALU-8:inst|74182:inst2                     ; work         ;
;    |HALT:inst26|             ; 5 (5)             ; 1 (1)        ; 0           ; 0            ; 0       ; 0         ; 0    ; 0            ; |Pc|HALT:inst26                                ; work         ;
;    |My_uPC:inst16|           ; 14 (0)            ; 8 (0)        ; 0           ; 0            ; 0       ; 0         ; 0    ; 0            ; |Pc|My_uPC:inst16                              ; work         ;
;       |74161:inst1|          ; 9 (0)             ; 4 (0)        ; 0           ; 0            ; 0       ; 0         ; 0    ; 0            ; |Pc|My_uPC:inst16|74161:inst1                  ; work         ;
;          |f74161:sub|        ; 9 (9)             ; 4 (4)        ; 0           ; 0            ; 0       ; 0         ; 0    ; 0            ; |Pc|My_uPC:inst16|74161:inst1|f74161:sub       ; work         ;
;       |74161:inst|           ; 5 (0)             ; 4 (0)        ; 0           ; 0            ; 0       ; 0         ; 0    ; 0            ; |Pc|My_uPC:inst16|74161:inst                   ; work         ;
;          |f74161:sub|        ; 5 (5)             ; 4 (4)        ; 0           ; 0            ; 0       ; 0         ; 0    ; 0            ; |Pc|My_uPC:inst16|74161:inst|f74161:sub        ; work         ;
;    |My_uPC:inst2|            ; 18 (0)            ; 8 (0)        ; 0           ; 0            ; 0       ; 0         ; 0    ; 0            ; |Pc|My_uPC:inst2                               ; work         ;
;       |74161:inst1|          ; 14 (0)            ; 4 (0)        ; 0           ; 0            ; 0       ; 0         ; 0    ; 0            ; |Pc|My_uPC:inst2|74161:inst1                   ; work         ;
;          |f74161:sub|        ; 14 (14)           ; 4 (4)        ; 0           ; 0            ; 0       ; 0         ; 0    ; 0            ; |Pc|My_uPC:inst2|74161:inst1|f74161:sub        ; work         ;
;       |74161:inst|           ; 4 (0)             ; 4 (0)        ; 0           ; 0            ; 0       ; 0         ; 0    ; 0            ; |Pc|My_uPC:inst2|74161:inst                    ; work         ;
;          |f74161:sub|        ; 4 (4)             ; 4 (4)        ; 0           ; 0            ; 0       ; 0         ; 0    ; 0            ; |Pc|My_uPC:inst2|74161:inst|f74161:sub         ; work         ;
;    |multiplexer8_2:inst1|    ; 8 (8)             ; 0 (0)        ; 0           ; 0            ; 0       ; 0         ; 0    ; 0            ; |Pc|multiplexer8_2:inst1                       ; work         ;
;    |multiplexer8_4:inst10|   ; 2 (0)             ; 0 (0)        ; 0           ; 0            ; 0       ; 0         ; 0    ; 0            ; |Pc|multiplexer8_4:inst10                      ; work         ;
;       |multiplexer8_2:inst2| ; 2 (2)             ; 0 (0)        ; 0           ; 0            ; 0       ; 0         ; 0    ; 0            ; |Pc|multiplexer8_4:inst10|multiplexer8_2:inst2 ; work         ;
;    |multiplexer8_4:inst11|   ; 17 (0)            ; 0 (0)        ; 0           ; 0            ; 0       ; 0         ; 0    ; 0            ; |Pc|multiplexer8_4:inst11                      ; work         ;
;       |multiplexer8_2:inst2| ; 17 (17)           ; 0 (0)        ; 0           ; 0            ; 0       ; 0         ; 0    ; 0            ; |Pc|multiplexer8_4:inst11|multiplexer8_2:inst2 ; work         ;
;    |multiplexer8_4:inst9|    ; 14 (0)            ; 0 (0)        ; 0           ; 0            ; 0       ; 0         ; 0    ; 0            ; |Pc|multiplexer8_4:inst9                       ; work         ;
;       |multiplexer8_2:inst2| ; 14 (14)           ; 0 (0)        ; 0           ; 0            ; 0       ; 0         ; 0    ; 0            ; |Pc|multiplexer8_4:inst9|multiplexer8_2:inst2  ; work         ;
;    |register-8-en:MDR1|      ; 0 (0)             ; 8 (0)        ; 0           ; 0            ; 0       ; 0         ; 0    ; 0            ; |Pc|register-8-en:MDR1                         ; work         ;
;       |register-4:inst1|     ; 0 (0)             ; 4 (4)        ; 0           ; 0            ; 0       ; 0         ; 0    ; 0            ; |Pc|register-8-en:MDR1|register-4:inst1        ; work         ;
;       |register-4:inst|      ; 0 (0)             ; 4 (4)        ; 0           ; 0            ; 0       ; 0         ; 0    ; 0            ; |Pc|register-8-en:MDR1|register-4:inst         ; work         ;
;    |register-8:IR|           ; 7 (0)             ; 8 (0)        ; 0           ; 0            ; 0       ; 0         ; 0    ; 0            ; |Pc|register-8:IR                              ; work         ;
;       |register-4:inst1|     ; 4 (4)             ; 4 (4)        ; 0           ; 0            ; 0       ; 0         ; 0    ; 0            ; |Pc|register-8:IR|register-4:inst1             ; work         ;
;       |register-4:inst|      ; 3 (3)             ; 4 (4)        ; 0           ; 0            ; 0       ; 0         ; 0    ; 0            ; |Pc|register-8:IR|register-4:inst              ; work         ;
;    |register-8:MAR|          ; 7 (0)             ; 8 (0)        ; 0           ; 0            ; 0       ; 0         ; 0    ; 0            ; |Pc|register-8:MAR                             ; work         ;
;       |register-4:inst1|     ; 4 (4)             ; 4 (4)        ; 0           ; 0            ; 0       ; 0         ; 0    ; 0            ; |Pc|register-8:MAR|register-4:inst1            ; work         ;
;       |register-4:inst|      ; 3 (3)             ; 4 (4)        ; 0           ; 0            ; 0       ; 0         ; 0    ; 0            ; |Pc|register-8:MAR|register-4:inst             ; work         ;
;    |register-8:OIR|          ; 7 (0)             ; 8 (0)        ; 0           ; 0            ; 0       ; 0         ; 0    ; 0            ; |Pc|register-8:OIR                             ; work         ;
;       |register-4:inst1|     ; 4 (4)             ; 4 (4)        ; 0           ; 0            ; 0       ; 0         ; 0    ; 0            ; |Pc|register-8:OIR|register-4:inst1            ; work         ;
;       |register-4:inst|      ; 3 (3)             ; 4 (4)        ; 0           ; 0            ; 0       ; 0         ; 0    ; 0            ; |Pc|register-8:OIR|register-4:inst             ; work         ;
;    |register-8:R0|           ; 7 (0)             ; 8 (0)        ; 0           ; 0            ; 0       ; 0         ; 0    ; 0            ; |Pc|register-8:R0                              ; work         ;
;       |register-4:inst1|     ; 4 (4)             ; 4 (4)        ; 0           ; 0            ; 0       ; 0         ; 0    ; 0            ; |Pc|register-8:R0|register-4:inst1             ; work         ;
;       |register-4:inst|      ; 3 (3)             ; 4 (4)        ; 0           ; 0            ; 0       ; 0         ; 0    ; 0            ; |Pc|register-8:R0|register-4:inst              ; work         ;
;    |register-8:R1|           ; 7 (0)             ; 8 (0)        ; 0           ; 0            ; 0       ; 0         ; 0    ; 0            ; |Pc|register-8:R1                              ; work         ;
;       |register-4:inst1|     ; 4 (4)             ; 4 (4)        ; 0           ; 0            ; 0       ; 0         ; 0    ; 0            ; |Pc|register-8:R1|register-4:inst1             ; work         ;
;       |register-4:inst|      ; 3 (3)             ; 4 (4)        ; 0           ; 0            ; 0       ; 0         ; 0    ; 0            ; |Pc|register-8:R1|register-4:inst              ; work         ;
;    |register-8:R2|           ; 7 (0)             ; 8 (0)        ; 0           ; 0            ; 0       ; 0         ; 0    ; 0            ; |Pc|register-8:R2                              ; work         ;
;       |register-4:inst1|     ; 4 (4)             ; 4 (4)        ; 0           ; 0            ; 0       ; 0         ; 0    ; 0            ; |Pc|register-8:R2|register-4:inst1             ; work         ;
;       |register-4:inst|      ; 3 (3)             ; 4 (4)        ; 0           ; 0            ; 0       ; 0         ; 0    ; 0            ; |Pc|register-8:R2|register-4:inst              ; work         ;
;    |register-8:R3|           ; 7 (0)             ; 8 (0)        ; 0           ; 0            ; 0       ; 0         ; 0    ; 0            ; |Pc|register-8:R3                              ; work         ;
;       |register-4:inst1|     ; 4 (4)             ; 4 (4)        ; 0           ; 0            ; 0       ; 0         ; 0    ; 0            ; |Pc|register-8:R3|register-4:inst1             ; work         ;
;       |register-4:inst|      ; 3 (3)             ; 4 (4)        ; 0           ; 0            ; 0       ; 0         ; 0    ; 0            ; |Pc|register-8:R3|register-4:inst              ; work         ;
+------------------------------+-------------------+--------------+-------------+--------------+---------+-----------+------+--------------+------------------------------------------------+--------------+
Note: For table entries with two numbers listed, the numbers in parentheses indicate the number of resources of the given type used by the specific entity alone. The numbers listed outside of parentheses indicate the total resources of the given type used by the specific entity and all of its sub-entities in the hierarchy.


+--------------------------------------------------------------------------------------------------+
; Registers Removed During Synthesis                                                               ;
+------------------------------------------+-------------------------------------------------------+
; Register name                            ; Reason for Removal                                    ;
+------------------------------------------+-------------------------------------------------------+
; register-8-en:MDR|register-4:inst|inst   ; Merged with register-8-en:MDR1|register-4:inst|inst   ;
; register-8-en:MDR|register-4:inst|inst3  ; Merged with register-8-en:MDR1|register-4:inst|inst3  ;
; register-8-en:MDR|register-4:inst|inst4  ; Merged with register-8-en:MDR1|register-4:inst|inst4  ;
; register-8-en:MDR|register-4:inst|inst5  ; Merged with register-8-en:MDR1|register-4:inst|inst5  ;
; register-8-en:MDR|register-4:inst1|inst  ; Merged with register-8-en:MDR1|register-4:inst1|inst  ;
; register-8-en:MDR|register-4:inst1|inst3 ; Merged with register-8-en:MDR1|register-4:inst1|inst3 ;
; register-8-en:MDR|register-4:inst1|inst4 ; Merged with register-8-en:MDR1|register-4:inst1|inst4 ;
; register-8-en:MDR|register-4:inst1|inst5 ; Merged with register-8-en:MDR1|register-4:inst1|inst5 ;
; Total Number of Removed Registers = 8    ;                                                       ;
+------------------------------------------+-------------------------------------------------------+


+------------------------------------------------------+
; General Register Statistics                          ;
+----------------------------------------------+-------+
; Statistic                                    ; Value ;
+----------------------------------------------+-------+
; Total registers                              ; 81    ;
; Number of registers using Synchronous Clear  ; 0     ;
; Number of registers using Synchronous Load   ; 0     ;
; Number of registers using Asynchronous Clear ; 17    ;
; Number of registers using Asynchronous Load  ; 0     ;
; Number of registers using Clock Enable       ; 0     ;
; Number of registers using Preset             ; 0     ;
+----------------------------------------------+-------+


+-----------------------------------------------------------------------+
; Parameter Settings for User Entity Instance: My_uPC:inst16|74161:inst ;
+------------------------+------------+---------------------------------+
; Parameter Name         ; Value      ; Type                            ;
+------------------------+------------+---------------------------------+
; DEVICE_FAMILY          ; Cyclone II ; Untyped                         ;
; AUTO_CARRY_CHAINS      ; ON         ; AUTO_CARRY                      ;
; IGNORE_CARRY_BUFFERS   ; OFF        ; IGNORE_CARRY                    ;
; AUTO_CASCADE_CHAINS    ; ON         ; AUTO_CASCADE                    ;
; IGNORE_CASCADE_BUFFERS ; OFF        ; IGNORE_CASCADE                  ;
+------------------------+------------+---------------------------------+
Note: In order to hide this table in the UI and the text report file, please set the "Show Parameter Settings Tables in Synthesis Report" option in "Analysis and Synthesis Settings -> More Settings" to "Off".


+------------------------------------------------------------------------+
; Parameter Settings for User Entity Instance: My_uPC:inst16|74161:inst1 ;
+------------------------+------------+----------------------------------+
; Parameter Name         ; Value      ; Type                             ;
+------------------------+------------+----------------------------------+
; DEVICE_FAMILY          ; Cyclone II ; Untyped                          ;
; AUTO_CARRY_CHAINS      ; ON         ; AUTO_CARRY                       ;
; IGNORE_CARRY_BUFFERS   ; OFF        ; IGNORE_CARRY                     ;
; AUTO_CASCADE_CHAINS    ; ON         ; AUTO_CASCADE                     ;
; IGNORE_CASCADE_BUFFERS ; OFF        ; IGNORE_CASCADE                   ;
+------------------------+------------+----------------------------------+
Note: In order to hide this table in the UI and the text report file, please set the "Show Parameter Settings Tables in Synthesis Report" option in "Analysis and Synthesis Settings -> More Settings" to "Off".


+----------------------------------------------------------------------+
; Parameter Settings for User Entity Instance: My_uPC:inst2|74161:inst ;
+------------------------+------------+--------------------------------+
; Parameter Name         ; Value      ; Type                           ;
+------------------------+------------+--------------------------------+
; DEVICE_FAMILY          ; Cyclone II ; Untyped                        ;
; AUTO_CARRY_CHAINS      ; ON         ; AUTO_CARRY                     ;
; IGNORE_CARRY_BUFFERS   ; OFF        ; IGNORE_CARRY                   ;
; AUTO_CASCADE_CHAINS    ; ON         ; AUTO_CASCADE                   ;
; IGNORE_CASCADE_BUFFERS ; OFF        ; IGNORE_CASCADE                 ;
+------------------------+------------+--------------------------------+
Note: In order to hide this table in the UI and the text report file, please set the "Show Parameter Settings Tables in Synthesis Report" option in "Analysis and Synthesis Settings -> More Settings" to "Off".


+-----------------------------------------------------------------------+
; Parameter Settings for User Entity Instance: My_uPC:inst2|74161:inst1 ;
+------------------------+------------+---------------------------------+
; Parameter Name         ; Value      ; Type                            ;
+------------------------+------------+---------------------------------+
; DEVICE_FAMILY          ; Cyclone II ; Untyped                         ;
; AUTO_CARRY_CHAINS      ; ON         ; AUTO_CARRY                      ;
; IGNORE_CARRY_BUFFERS   ; OFF        ; IGNORE_CARRY                    ;
; AUTO_CASCADE_CHAINS    ; ON         ; AUTO_CASCADE                    ;
; IGNORE_CASCADE_BUFFERS ; OFF        ; IGNORE_CASCADE                  ;
+------------------------+------------+---------------------------------+
Note: In order to hide this table in the UI and the text report file, please set the "Show Parameter Settings Tables in Synthesis Report" option in "Analysis and Synthesis Settings -> More Settings" to "Off".


+-------------------------------+
; Analysis & Synthesis Messages ;
+-------------------------------+
Info: *******************************************************************
Info: Running Quartus II Analysis & Synthesis
    Info: Version 8.1 Build 163 10/28/2008 SJ Web Edition
    Info: Processing started: Sat May 25 17:58:33 2024
Info: Command: quartus_map --read_settings_files=on --write_settings_files=off Pc -c Pc
Warning: Can't analyze file -- file D:/File/Project/CSProject/整机实验/register-8/register-4.bdf is missing
Warning: Can't analyze file -- file D:/File/Project/CSProject/整机实验/register-8/register-8.bdf is missing
Warning: Can't analyze file -- file D:/File/Project/CSProject/整机实验/ALU-8/ALU-8.bdf is missing
Warning: Can't analyze file -- file D:/File/Project/CSProject/整机实验/Asynchronous-mode-256-Plus-1-counter/Asynchronous-mode-8-Plus-1-counter.bdf is missing
Warning: Can't analyze file -- file D:/File/Project/CSProject/整机实验/Asynchronous-mode-256-Plus-1-counter/Asynchronous-mode-256-Plus-1-counter.bdf is missing
Info: Found 1 design units, including 1 entities, in source file Pc.bdf
    Info: Found entity 1: Pc
Info: Elaborating entity "Pc" for the top level hierarchy
Warning: Block or symbol "AND3" of instance "inst55" overlaps another block or symbol
Warning: Block or symbol "74154" of instance "inst12" overlaps another block or symbol
Warning: Using design file HALT.bdf, which is not specified as a design file for the current project, but contains definitions for 1 design units and 1 entities in project
    Info: Found entity 1: HALT
Info: Elaborating entity "HALT" for hierarchy "HALT:inst26"
Warning: Using design file ALU-8.bdf, which is not specified as a design file for the current project, but contains definitions for 1 design units and 1 entities in project
    Info: Found entity 1: ALU-8
Info: Elaborating entity "ALU-8" for hierarchy "ALU-8:inst"
Info: Elaborating entity "74181" for hierarchy "ALU-8:inst|74181:inst"
Info: Elaborated megafunction instantiation "ALU-8:inst|74181:inst"
Info: Elaborating entity "74182" for hierarchy "ALU-8:inst|74182:inst2"
Info: Elaborated megafunction instantiation "ALU-8:inst|74182:inst2"
Warning: Using design file multiplexer8_2.bdf, which is not specified as a design file for the current project, but contains definitions for 1 design units and 1 entities in project
    Info: Found entity 1: multiplexer8_2
Info: Elaborating entity "multiplexer8_2" for hierarchy "multiplexer8_2:A"
Warning: Using design file My_uPC.bdf, which is not specified as a design file for the current project, but contains definitions for 1 design units and 1 entities in project
    Info: Found entity 1: My_uPC
Info: Elaborating entity "My_uPC" for hierarchy "My_uPC:inst16"
Info: Elaborating entity "74161" for hierarchy "My_uPC:inst16|74161:inst"
Info: Elaborated megafunction instantiation "My_uPC:inst16|74161:inst"
Info: Elaborating entity "f74161" for hierarchy "My_uPC:inst16|74161:inst|f74161:sub"
Info: Elaborated megafunction instantiation "My_uPC:inst16|74161:inst|f74161:sub", which is child of megafunction instantiation "My_uPC:inst16|74161:inst"
Info: Elaborating entity "74161" for hierarchy "My_uPC:inst16|74161:inst1"
Info: Elaborated megafunction instantiation "My_uPC:inst16|74161:inst1"
Warning: Using design file not8.bdf, which is not specified as a design file for the current project, but contains definitions for 1 design units and 1 entities in project
    Info: Found entity 1: not8
Info: Elaborating entity "not8" for hierarchy "not8:inst27"
Info: Elaborating entity "74138" for hierarchy "74138:inst23"
Info: Elaborated megafunction instantiation "74138:inst23"
Warning: Using design file 2-4decoder.bdf, which is not specified as a design file for the current project, but contains definitions for 1 design units and 1 entities in project
    Info: Found entity 1: 2-4decoder
Info: Elaborating entity "2-4decoder" for hierarchy "2-4decoder:inst53"
Warning: Using design file register-8.bdf, which is not specified as a design file for the current project, but contains definitions for 1 design units and 1 entities in project
    Info: Found entity 1: register-8
Info: Elaborating entity "register-8" for hierarchy "register-8:IR"
Warning: Using design file register-4.bdf, which is not specified as a design file for the current project, but contains definitions for 1 design units and 1 entities in project
    Info: Found entity 1: register-4
Info: Elaborating entity "register-4" for hierarchy "register-8:IR|register-4:inst"
Warning: Using design file 8-3.bdf, which is not specified as a design file for the current project, but contains definitions for 1 design units and 1 entities in project
    Info: Found entity 1: 8-3
Info: Elaborating entity "8-3" for hierarchy "8-3:inst46"
Warning: Using design file multiplexer8_4.bdf, which is not specified as a design file for the current project, but contains definitions for 1 design units and 1 entities in project
    Info: Found entity 1: multiplexer8_4
Info: Elaborating entity "multiplexer8_4" for hierarchy "multiplexer8_4:inst9"
Warning: Using design file register-8-en.bdf, which is not specified as a design file for the current project, but contains definitions for 1 design units and 1 entities in project
    Info: Found entity 1: register-8-en
Info: Elaborating entity "register-8-en" for hierarchy "register-8-en:MDR"
Info: Elaborating entity "74154" for hierarchy "74154:inst12"
Info: Elaborated megafunction instantiation "74154:inst12"
Info: Ignored 46 buffer(s)
    Info: Ignored 16 CARRY buffer(s)
    Info: Ignored 30 SOFT buffer(s)
Warning: Tri-state node(s) do not directly drive top-level pin(s)
    Warning: Converted tri-state buffer "register-8-en:MDR|inst9" feeding internal logic into a wire
    Warning: Converted tri-state buffer "register-8-en:MDR|inst8" feeding internal logic into a wire
    Warning: Converted tri-state buffer "register-8-en:MDR|inst7" feeding internal logic into a wire
    Warning: Converted tri-state buffer "register-8-en:MDR|inst6" feeding internal logic into a wire
    Warning: Converted tri-state buffer "register-8-en:MDR|inst5" feeding internal logic into a wire
    Warning: Converted tri-state buffer "register-8-en:MDR|inst4" feeding internal logic into a wire
    Warning: Converted tri-state buffer "register-8-en:MDR|inst3" feeding internal logic into a wire
    Warning: Converted tri-state buffer "register-8-en:MDR|inst2" feeding internal logic into a wire
Warning: Presettable and clearable registers converted to equivalent circuits with latches. Registers power-up to an undefined state, and DEVCLRn places the registers in an undefined state.
    Warning (13310): Register "HALT:inst26|inst" is converted into an equivalent circuit using register "HALT:inst26|inst~_emulated" and latch "HALT:inst26|inst~latch"
Info: Implemented 285 device resources after synthesis - the final resource count might be different
    Info: Implemented 25 input pins
    Info: Implemented 52 output pins
    Info: Implemented 8 bidirectional pins
    Info: Implemented 200 logic cells
Info: Quartus II Analysis & Synthesis was successful. 0 errors, 29 warnings
    Info: Peak virtual memory: 236 megabytes
    Info: Processing ended: Sat May 25 17:58:35 2024
    Info: Elapsed time: 00:00:02
    Info: Total CPU time (on all processors): 00:00:01


