Classic Timing Analyzer report for Shift-4
Sat Mar 30 10:08:52 2024
Quartus II Version 8.1 Build 163 10/28/2008 SJ Web Edition


---------------------
; Table of Contents ;
---------------------
  1. Legal Notice
  2. Timing Analyzer Summary
  3. Timing Analyzer Settings
  4. tpd
  5. Timing Analyzer Messages



----------------
; Legal Notice ;
----------------
Copyright (C) 1991-2008 Altera Corporation
Your use of Altera Corporation's design tools, logic functions 
and other software and tools, and its AMPP partner logic 
functions, and any output files from any of the foregoing 
(including device programming or simulation files), and any 
associated documentation or information are expressly subject 
to the terms and conditions of the Altera Program License 
Subscription Agreement, Altera MegaCore Function License 
Agreement, or other applicable license agreement, including, 
without limitation, that your use is for the sole purpose of 
programming logic devices manufactured by Altera and sold by 
Altera or its authorized distributors.  Please refer to the 
applicable agreement for further details.



+-----------------------------------------------------------------------------------------------------------------------+
; Timing Analyzer Summary                                                                                               ;
+------------------------------+-------+---------------+-------------+------+----+------------+----------+--------------+
; Type                         ; Slack ; Required Time ; Actual Time ; From ; To ; From Clock ; To Clock ; Failed Paths ;
+------------------------------+-------+---------------+-------------+------+----+------------+----------+--------------+
; Worst-case tpd               ; N/A   ; None          ; 13.100 ns   ; A0   ; Q1 ; --         ; --       ; 0            ;
; Total number of failed paths ;       ;               ;             ;      ;    ;            ;          ; 0            ;
+------------------------------+-------+---------------+-------------+------+----+------------+----------+--------------+


+--------------------------------------------------------------------------------------------------------------------+
; Timing Analyzer Settings                                                                                           ;
+---------------------------------------------------------------------+--------------------+------+----+-------------+
; Option                                                              ; Setting            ; From ; To ; Entity Name ;
+---------------------------------------------------------------------+--------------------+------+----+-------------+
; Device Name                                                         ; EP2C8Q208C8        ;      ;    ;             ;
; Timing Models                                                       ; Final              ;      ;    ;             ;
; Default hold multicycle                                             ; Same as Multicycle ;      ;    ;             ;
; Cut paths between unrelated clock domains                           ; On                 ;      ;    ;             ;
; Cut off read during write signal paths                              ; On                 ;      ;    ;             ;
; Cut off feedback from I/O pins                                      ; On                 ;      ;    ;             ;
; Report Combined Fast/Slow Timing                                    ; Off                ;      ;    ;             ;
; Ignore Clock Settings                                               ; Off                ;      ;    ;             ;
; Analyze latches as synchronous elements                             ; On                 ;      ;    ;             ;
; Enable Recovery/Removal analysis                                    ; Off                ;      ;    ;             ;
; Enable Clock Latency                                                ; Off                ;      ;    ;             ;
; Use TimeQuest Timing Analyzer                                       ; Off                ;      ;    ;             ;
; Minimum Core Junction Temperature                                   ; 0                  ;      ;    ;             ;
; Maximum Core Junction Temperature                                   ; 85                 ;      ;    ;             ;
; Number of source nodes to report per destination node               ; 10                 ;      ;    ;             ;
; Number of destination nodes to report                               ; 10                 ;      ;    ;             ;
; Number of paths to report                                           ; 200                ;      ;    ;             ;
; Report Minimum Timing Checks                                        ; Off                ;      ;    ;             ;
; Use Fast Timing Models                                              ; Off                ;      ;    ;             ;
; Report IO Paths Separately                                          ; Off                ;      ;    ;             ;
; Perform Multicorner Analysis                                        ; On                 ;      ;    ;             ;
; Reports the worst-case path for each clock domain and analysis      ; Off                ;      ;    ;             ;
; Removes common clock path pessimism (CCPP) during slack computation ; Off                ;      ;    ;             ;
; Output I/O Timing Endpoint                                          ; Near End           ;      ;    ;             ;
+---------------------------------------------------------------------+--------------------+------+----+-------------+


+---------------------------------------------------------+
; tpd                                                     ;
+-------+-------------------+-----------------+------+----+
; Slack ; Required P2P Time ; Actual P2P Time ; From ; To ;
+-------+-------------------+-----------------+------+----+
; N/A   ; None              ; 13.100 ns       ; A0   ; Q1 ;
; N/A   ; None              ; 12.933 ns       ; LM   ; Q1 ;
; N/A   ; None              ; 12.594 ns       ; LM   ; Q2 ;
; N/A   ; None              ; 12.520 ns       ; A2   ; Q2 ;
; N/A   ; None              ; 12.091 ns       ; A1   ; Q1 ;
; N/A   ; None              ; 12.072 ns       ; LM   ; Q3 ;
; N/A   ; None              ; 11.994 ns       ; A2   ; Q3 ;
; N/A   ; None              ; 11.925 ns       ; DM   ; Q1 ;
; N/A   ; None              ; 11.869 ns       ; A3   ; Q3 ;
; N/A   ; None              ; 11.821 ns       ; A3   ; Q2 ;
; N/A   ; None              ; 11.751 ns       ; A0   ; Q0 ;
; N/A   ; None              ; 11.748 ns       ; A1   ; Q2 ;
; N/A   ; None              ; 11.584 ns       ; DM   ; Q2 ;
; N/A   ; None              ; 11.395 ns       ; A2   ; Q1 ;
; N/A   ; None              ; 11.220 ns       ; A1   ; Q0 ;
; N/A   ; None              ; 11.066 ns       ; DM   ; Q3 ;
; N/A   ; None              ; 11.057 ns       ; DM   ; Q0 ;
; N/A   ; None              ; 10.993 ns       ; RM   ; Q0 ;
; N/A   ; None              ; 10.958 ns       ; RM   ; Q2 ;
; N/A   ; None              ; 10.873 ns       ; RM   ; Q1 ;
+-------+-------------------+-----------------+------+----+


+--------------------------+
; Timing Analyzer Messages ;
+--------------------------+
Info: *******************************************************************
Info: Running Quartus II Classic Timing Analyzer
    Info: Version 8.1 Build 163 10/28/2008 SJ Web Edition
    Info: Processing started: Sat Mar 30 10:08:52 2024
Info: Command: quartus_tan --read_settings_files=off --write_settings_files=off Shift-4 -c Shift-4 --timing_analysis_only
Info: Longest tpd from source pin "A0" to destination pin "Q1" is 13.100 ns
    Info: 1: + IC(0.000 ns) + CELL(0.985 ns) = 0.985 ns; Loc. = PIN_11; Fanout = 2; PIN Node = 'A0'
    Info: 2: + IC(6.441 ns) + CELL(0.650 ns) = 8.076 ns; Loc. = LCCOMB_X1_Y5_N30; Fanout = 1; COMB Node = 'inst3~6'
    Info: 3: + IC(0.367 ns) + CELL(0.624 ns) = 9.067 ns; Loc. = LCCOMB_X1_Y5_N16; Fanout = 1; COMB Node = 'inst3'
    Info: 4: + IC(0.927 ns) + CELL(3.106 ns) = 13.100 ns; Loc. = PIN_41; Fanout = 0; PIN Node = 'Q1'
    Info: Total cell delay = 5.365 ns ( 40.95 % )
    Info: Total interconnect delay = 7.735 ns ( 59.05 % )
Info: Quartus II Classic Timing Analyzer was successful. 0 errors, 0 warnings
    Info: Peak virtual memory: 195 megabytes
    Info: Processing ended: Sat Mar 30 10:08:52 2024
    Info: Elapsed time: 00:00:00
    Info: Total CPU time (on all processors): 00:00:00


