Classic Timing Analyzer report for register-4
Sat Mar 23 09:05:32 2024
Quartus II Version 8.1 Build 163 10/28/2008 SJ Web Edition


---------------------
; Table of Contents ;
---------------------
  1. Legal Notice
  2. Timing Analyzer Summary
  3. Timing Analyzer Settings
  4. Clock Settings Summary
  5. tsu
  6. tco
  7. th
  8. Timing Analyzer Messages



----------------
; Legal Notice ;
----------------
Copyright (C) 1991-2008 Altera Corporation
Your use of Altera Corporation's design tools, logic functions 
and other software and tools, and its AMPP partner logic 
functions, and any output files from any of the foregoing 
(including device programming or simulation files), and any 
associated documentation or information are expressly subject 
to the terms and conditions of the Altera Program License 
Subscription Agreement, Altera MegaCore Function License 
Agreement, or other applicable license agreement, including, 
without limitation, that your use is for the sole purpose of 
programming logic devices manufactured by Altera and sold by 
Altera or its authorized distributors.  Please refer to the 
applicable agreement for further details.



+--------------------------------------------------------------------------------------------------------------------------+
; Timing Analyzer Summary                                                                                                  ;
+------------------------------+-------+---------------+-------------+------+-------+------------+----------+--------------+
; Type                         ; Slack ; Required Time ; Actual Time ; From ; To    ; From Clock ; To Clock ; Failed Paths ;
+------------------------------+-------+---------------+-------------+------+-------+------------+----------+--------------+
; Worst-case tsu               ; N/A   ; None          ; 5.070 ns    ; d0   ; inst5 ; --         ; CP       ; 0            ;
; Worst-case tco               ; N/A   ; None          ; 7.467 ns    ; inst ; q3    ; CP         ; --       ; 0            ;
; Worst-case th                ; N/A   ; None          ; -3.843 ns   ; d1   ; inst4 ; --         ; CP       ; 0            ;
; Total number of failed paths ;       ;               ;             ;      ;       ;            ;          ; 0            ;
+------------------------------+-------+---------------+-------------+------+-------+------------+----------+--------------+


+--------------------------------------------------------------------------------------------------------------------+
; Timing Analyzer Settings                                                                                           ;
+---------------------------------------------------------------------+--------------------+------+----+-------------+
; Option                                                              ; Setting            ; From ; To ; Entity Name ;
+---------------------------------------------------------------------+--------------------+------+----+-------------+
; Device Name                                                         ; EP2C8Q208C8        ;      ;    ;             ;
; Timing Models                                                       ; Final              ;      ;    ;             ;
; Default hold multicycle                                             ; Same as Multicycle ;      ;    ;             ;
; Cut paths between unrelated clock domains                           ; On                 ;      ;    ;             ;
; Cut off read during write signal paths                              ; On                 ;      ;    ;             ;
; Cut off feedback from I/O pins                                      ; On                 ;      ;    ;             ;
; Report Combined Fast/Slow Timing                                    ; Off                ;      ;    ;             ;
; Ignore Clock Settings                                               ; Off                ;      ;    ;             ;
; Analyze latches as synchronous elements                             ; On                 ;      ;    ;             ;
; Enable Recovery/Removal analysis                                    ; Off                ;      ;    ;             ;
; Enable Clock Latency                                                ; Off                ;      ;    ;             ;
; Use TimeQuest Timing Analyzer                                       ; Off                ;      ;    ;             ;
; Minimum Core Junction Temperature                                   ; 0                  ;      ;    ;             ;
; Maximum Core Junction Temperature                                   ; 85                 ;      ;    ;             ;
; Number of source nodes to report per destination node               ; 10                 ;      ;    ;             ;
; Number of destination nodes to report                               ; 10                 ;      ;    ;             ;
; Number of paths to report                                           ; 200                ;      ;    ;             ;
; Report Minimum Timing Checks                                        ; Off                ;      ;    ;             ;
; Use Fast Timing Models                                              ; Off                ;      ;    ;             ;
; Report IO Paths Separately                                          ; Off                ;      ;    ;             ;
; Perform Multicorner Analysis                                        ; On                 ;      ;    ;             ;
; Reports the worst-case path for each clock domain and analysis      ; Off                ;      ;    ;             ;
; Removes common clock path pessimism (CCPP) during slack computation ; Off                ;      ;    ;             ;
; Output I/O Timing Endpoint                                          ; Near End           ;      ;    ;             ;
+---------------------------------------------------------------------+--------------------+------+----+-------------+


+------------------------------------------------------------------------------------------------------------------------------------------------------------------------------------+
; Clock Settings Summary                                                                                                                                                             ;
+-----------------+--------------------+----------+------------------+---------------+--------------+----------+-----------------------+---------------------+--------+--------------+
; Clock Node Name ; Clock Setting Name ; Type     ; Fmax Requirement ; Early Latency ; Late Latency ; Based on ; Multiply Base Fmax by ; Divide Base Fmax by ; Offset ; Phase offset ;
+-----------------+--------------------+----------+------------------+---------------+--------------+----------+-----------------------+---------------------+--------+--------------+
; CP              ;                    ; User Pin ; None             ; 0.000 ns      ; 0.000 ns     ; --       ; N/A                   ; N/A                 ; N/A    ;              ;
+-----------------+--------------------+----------+------------------+---------------+--------------+----------+-----------------------+---------------------+--------+--------------+


+-------------------------------------------------------------+
; tsu                                                         ;
+-------+--------------+------------+------+-------+----------+
; Slack ; Required tsu ; Actual tsu ; From ; To    ; To Clock ;
+-------+--------------+------------+------+-------+----------+
; N/A   ; None         ; 5.070 ns   ; d0   ; inst5 ; CP       ;
; N/A   ; None         ; 4.227 ns   ; d2   ; inst3 ; CP       ;
; N/A   ; None         ; 4.121 ns   ; d3   ; inst  ; CP       ;
; N/A   ; None         ; 4.109 ns   ; d1   ; inst4 ; CP       ;
+-------+--------------+------------+------+-------+----------+


+-------------------------------------------------------------+
; tco                                                         ;
+-------+--------------+------------+-------+----+------------+
; Slack ; Required tco ; Actual tco ; From  ; To ; From Clock ;
+-------+--------------+------------+-------+----+------------+
; N/A   ; None         ; 7.467 ns   ; inst  ; q3 ; CP         ;
; N/A   ; None         ; 7.274 ns   ; inst4 ; q1 ; CP         ;
; N/A   ; None         ; 7.267 ns   ; inst5 ; q0 ; CP         ;
; N/A   ; None         ; 6.980 ns   ; inst3 ; q2 ; CP         ;
+-------+--------------+------------+-------+----+------------+


+-------------------------------------------------------------------+
; th                                                                ;
+---------------+-------------+-----------+------+-------+----------+
; Minimum Slack ; Required th ; Actual th ; From ; To    ; To Clock ;
+---------------+-------------+-----------+------+-------+----------+
; N/A           ; None        ; -3.843 ns ; d1   ; inst4 ; CP       ;
; N/A           ; None        ; -3.855 ns ; d3   ; inst  ; CP       ;
; N/A           ; None        ; -3.961 ns ; d2   ; inst3 ; CP       ;
; N/A           ; None        ; -4.804 ns ; d0   ; inst5 ; CP       ;
+---------------+-------------+-----------+------+-------+----------+


+--------------------------+
; Timing Analyzer Messages ;
+--------------------------+
Info: *******************************************************************
Info: Running Quartus II Classic Timing Analyzer
    Info: Version 8.1 Build 163 10/28/2008 SJ Web Edition
    Info: Processing started: Sat Mar 23 09:05:32 2024
Info: Command: quartus_tan --read_settings_files=off --write_settings_files=off register-4 -c register-4 --timing_analysis_only
Warning: Found pins functioning as undefined clocks and/or memory enables
    Info: Assuming node "CP" is an undefined clock
Info: No valid register-to-register data paths exist for clock "CP"
Info: tsu for register "inst5" (data pin = "d0", clock pin = "CP") is 5.070 ns
    Info: + Longest pin to register delay is 7.964 ns
        Info: 1: + IC(0.000 ns) + CELL(0.964 ns) = 0.964 ns; Loc. = PIN_86; Fanout = 1; PIN Node = 'd0'
        Info: 2: + IC(6.540 ns) + CELL(0.460 ns) = 7.964 ns; Loc. = LCFF_X30_Y7_N25; Fanout = 1; REG Node = 'inst5'
        Info: Total cell delay = 1.424 ns ( 17.88 % )
        Info: Total interconnect delay = 6.540 ns ( 82.12 % )
    Info: + Micro setup delay of destination is -0.040 ns
    Info: - Shortest clock path from clock "CP" to destination register is 2.854 ns
        Info: 1: + IC(0.000 ns) + CELL(1.140 ns) = 1.140 ns; Loc. = PIN_23; Fanout = 1; CLK Node = 'CP'
        Info: 2: + IC(0.139 ns) + CELL(0.000 ns) = 1.279 ns; Loc. = CLKCTRL_G2; Fanout = 4; COMB Node = 'CP~clkctrl'
        Info: 3: + IC(0.909 ns) + CELL(0.666 ns) = 2.854 ns; Loc. = LCFF_X30_Y7_N25; Fanout = 1; REG Node = 'inst5'
        Info: Total cell delay = 1.806 ns ( 63.28 % )
        Info: Total interconnect delay = 1.048 ns ( 36.72 % )
Info: tco from clock "CP" to destination pin "q3" through register "inst" is 7.467 ns
    Info: + Longest clock path from clock "CP" to source register is 2.878 ns
        Info: 1: + IC(0.000 ns) + CELL(1.140 ns) = 1.140 ns; Loc. = PIN_23; Fanout = 1; CLK Node = 'CP'
        Info: 2: + IC(0.139 ns) + CELL(0.000 ns) = 1.279 ns; Loc. = CLKCTRL_G2; Fanout = 4; COMB Node = 'CP~clkctrl'
        Info: 3: + IC(0.933 ns) + CELL(0.666 ns) = 2.878 ns; Loc. = LCFF_X14_Y4_N9; Fanout = 1; REG Node = 'inst'
        Info: Total cell delay = 1.806 ns ( 62.75 % )
        Info: Total interconnect delay = 1.072 ns ( 37.25 % )
    Info: + Micro clock to output delay of source is 0.304 ns
    Info: + Longest register to pin delay is 4.285 ns
        Info: 1: + IC(0.000 ns) + CELL(0.000 ns) = 0.000 ns; Loc. = LCFF_X14_Y4_N9; Fanout = 1; REG Node = 'inst'
        Info: 2: + IC(0.999 ns) + CELL(3.286 ns) = 4.285 ns; Loc. = PIN_69; Fanout = 0; PIN Node = 'q3'
        Info: Total cell delay = 3.286 ns ( 76.69 % )
        Info: Total interconnect delay = 0.999 ns ( 23.31 % )
Info: th for register "inst4" (data pin = "d1", clock pin = "CP") is -3.843 ns
    Info: + Longest clock path from clock "CP" to destination register is 2.868 ns
        Info: 1: + IC(0.000 ns) + CELL(1.140 ns) = 1.140 ns; Loc. = PIN_23; Fanout = 1; CLK Node = 'CP'
        Info: 2: + IC(0.139 ns) + CELL(0.000 ns) = 1.279 ns; Loc. = CLKCTRL_G2; Fanout = 4; COMB Node = 'CP~clkctrl'
        Info: 3: + IC(0.923 ns) + CELL(0.666 ns) = 2.868 ns; Loc. = LCFF_X1_Y1_N1; Fanout = 1; REG Node = 'inst4'
        Info: Total cell delay = 1.806 ns ( 62.97 % )
        Info: Total interconnect delay = 1.062 ns ( 37.03 % )
    Info: + Micro hold delay of destination is 0.306 ns
    Info: - Shortest pin to register delay is 7.017 ns
        Info: 1: + IC(0.000 ns) + CELL(1.004 ns) = 1.004 ns; Loc. = PIN_58; Fanout = 1; PIN Node = 'd1'
        Info: 2: + IC(5.699 ns) + CELL(0.206 ns) = 6.909 ns; Loc. = LCCOMB_X1_Y1_N0; Fanout = 1; COMB Node = 'inst4~feeder'
        Info: 3: + IC(0.000 ns) + CELL(0.108 ns) = 7.017 ns; Loc. = LCFF_X1_Y1_N1; Fanout = 1; REG Node = 'inst4'
        Info: Total cell delay = 1.318 ns ( 18.78 % )
        Info: Total interconnect delay = 5.699 ns ( 81.22 % )
Info: Quartus II Classic Timing Analyzer was successful. 0 errors, 1 warning
    Info: Peak virtual memory: 195 megabytes
    Info: Processing ended: Sat Mar 23 09:05:32 2024
    Info: Elapsed time: 00:00:00
    Info: Total CPU time (on all processors): 00:00:00


